C51 COMPILER V9.60.7.0   MAIN                                                              11/07/2024 19:27:24 PAGE 1   


C51 COMPILER V9.60.7.0, COMPILATION OF MODULE MAIN
OBJECT MODULE PLACED IN .\Objects\main.obj
COMPILER INVOKED BY: C:\Keil_v5\C51\BIN\C51.exe main.c LARGE OPTIMIZE(8,SPEED) BROWSE DEBUG OBJECTEXTEND PRINT(.\Listing
                    -s\main.lst) TABS(2) OBJECT(.\Objects\main.obj)

line level    source

   1          #include "UART.h"
   2          
   3          int main(void){
   4   1          UART_Initial();
   5   1          UART_Bytes_Transmit("\n\rHello!\nFrom ngxx.fus!", -1);
   6   1          while(0x1){
   7   2              delay_ms(1000);
   8   2          };
   9   1          return 0;
  10   1      }
*** WARNING C294 IN LINE 9 OF main.c: unreachable code


MODULE INFORMATION:   STATIC OVERLAYABLE
   CODE SIZE        =   1165    ----
   CONSTANT SIZE    =     45    ----
   XDATA SIZE       =      9      54
   PDATA SIZE       =   ----    ----
   DATA SIZE        =   ----    ----
   IDATA SIZE       =   ----    ----
   BIT SIZE         =   ----    ----
END OF MODULE INFORMATION.


C51 COMPILATION COMPLETE.  1 WARNING(S),  0 ERROR(S)
