C51 COMPILER V9.60.7.0   MAIN                                                              10/16/2024 02:04:10 PAGE 1   


C51 COMPILER V9.60.7.0, COMPILATION OF MODULE MAIN
OBJECT MODULE PLACED IN .\Objects\main.obj
COMPILER INVOKED BY: C:\Keil_v5\C51\BIN\C51.EXE main.c OPTIMIZE(8,SPEED) BROWSE DEBUG OBJECTEXTEND PRINT(.\Listings\main
                    -.lst) TABS(2) OBJECT(.\Objects\main.obj)

line level    source

   1          #include "main.h"
*** WARNING C280 IN LINE 38 OF DS1302.h: 'MASK': unreferenced local variable
   2          #include "Matrix_Button.h"
   3          
   4          void main(){
   5   1          main_intial();
   6   1          change_mode(REMOTE);
   7   1          while(0x1){
   8   2              ds1302_read_time(&sys_time, 0x7);
   9   2      
  10   2              if(new_dataframe()) 
  11   2                  change_mode(read_extracted_frame());
  12   2              
  13   2              if(time_equal(sys_time, time_on, 0x6))
  14   2                  DEV_CTL(0x2, HIGH);
  15   2              
  16   2              if(time_equal(sys_time, time_off, 0x6))
  17   2                  DEV_CTL(0x2, LOW);
  18   2      
  19   2              sys_time_disp(1);
  20   2          }
  21   1      }
*** WARNING C294 IN LINE 67 OF main.c: unreachable code


MODULE INFORMATION:   STATIC OVERLAYABLE
   CODE SIZE        =   2732    ----
   CONSTANT SIZE    =   ----    ----
   XDATA SIZE       =   ----    ----
   PDATA SIZE       =   ----    ----
   DATA SIZE        =     58      61
   IDATA SIZE       =   ----    ----
   BIT SIZE         =   ----    ----
END OF MODULE INFORMATION.


C51 COMPILATION COMPLETE.  2 WARNING(S),  0 ERROR(S)
