C51 COMPILER V9.60.7.0   MAIN                                                              09/17/2024 07:47:04 PAGE 1   


C51 COMPILER V9.60.7.0, COMPILATION OF MODULE MAIN
OBJECT MODULE PLACED IN .\Objects\main.obj
COMPILER INVOKED BY: C:\Keil_v5\C51\BIN\C51.EXE main.c OPTIMIZE(8,SPEED) BROWSE DEBUG OBJECTEXTEND PRINT(.\Listings\main
                    -.lst) TABS(2) OBJECT(.\Objects\main.obj)

line level    source

   1          #include "LCD16x2_DATE_TIME.h"
   2          
   3          void main(){
   4   1        INITIAL();
   5   1        SET_HH_MM_SS(23, 59, 55);
   6   1        SET_DD_MM_YYYY(3, 2, 2004);
   7   1        DISPLAY();
   8   1        while(1){
   9   2          DISPLAY();
  10   2          INCREASE_SECOND();
  11   2          DELAY(1300);
  12   2        }
  13   1      }
  14          
*** WARNING C290 IN LINE 102 OF main.c: missing return value


MODULE INFORMATION:   STATIC OVERLAYABLE
   CODE SIZE        =    825    ----
   CONSTANT SIZE    =   ----    ----
   XDATA SIZE       =   ----    ----
   PDATA SIZE       =   ----    ----
   DATA SIZE        =     70      11
   IDATA SIZE       =   ----    ----
   BIT SIZE         =   ----    ----
END OF MODULE INFORMATION.


C51 COMPILATION COMPLETE.  1 WARNING(S),  0 ERROR(S)
