                                      1 ;--------------------------------------------------------
                                      2 ; File Created by SDCC : free open source ISO C Compiler
                                      3 ; Version 4.4.4 #15036 (Linux)
                                      4 ;--------------------------------------------------------
                                      5 	.module main
                                      6 	
                                      7 	.optsdcc -mmcs51 --model-small
                                      8 ;--------------------------------------------------------
                                      9 ; Public variables in this module
                                     10 ;--------------------------------------------------------
                                     11 	.globl _P23
                                     12 	.globl _P27
                                     13 	.globl _TF2
                                     14 	.globl _EXF2
                                     15 	.globl _RCLK
                                     16 	.globl _TCLK
                                     17 	.globl _EXEN2
                                     18 	.globl _TR2
                                     19 	.globl _C_T2
                                     20 	.globl _CP_RL2
                                     21 	.globl _T2CON_7
                                     22 	.globl _T2CON_6
                                     23 	.globl _T2CON_5
                                     24 	.globl _T2CON_4
                                     25 	.globl _T2CON_3
                                     26 	.globl _T2CON_2
                                     27 	.globl _T2CON_1
                                     28 	.globl _T2CON_0
                                     29 	.globl _PT2
                                     30 	.globl _ET2
                                     31 	.globl _CY
                                     32 	.globl _AC
                                     33 	.globl _F0
                                     34 	.globl _RS1
                                     35 	.globl _RS0
                                     36 	.globl _OV
                                     37 	.globl _F1
                                     38 	.globl _P
                                     39 	.globl _PS
                                     40 	.globl _PT1
                                     41 	.globl _PX1
                                     42 	.globl _PT0
                                     43 	.globl _PX0
                                     44 	.globl _RD
                                     45 	.globl _WR
                                     46 	.globl _T1
                                     47 	.globl _T0
                                     48 	.globl _INT1
                                     49 	.globl _INT0
                                     50 	.globl _TXD
                                     51 	.globl _RXD
                                     52 	.globl _P3_7
                                     53 	.globl _P3_6
                                     54 	.globl _P3_5
                                     55 	.globl _P3_4
                                     56 	.globl _P3_3
                                     57 	.globl _P3_2
                                     58 	.globl _P3_1
                                     59 	.globl _P3_0
                                     60 	.globl _EA
                                     61 	.globl _ES
                                     62 	.globl _ET1
                                     63 	.globl _EX1
                                     64 	.globl _ET0
                                     65 	.globl _EX0
                                     66 	.globl _P2_7
                                     67 	.globl _P2_6
                                     68 	.globl _P2_5
                                     69 	.globl _P2_4
                                     70 	.globl _P2_3
                                     71 	.globl _P2_2
                                     72 	.globl _P2_1
                                     73 	.globl _P2_0
                                     74 	.globl _SM0
                                     75 	.globl _SM1
                                     76 	.globl _SM2
                                     77 	.globl _REN
                                     78 	.globl _TB8
                                     79 	.globl _RB8
                                     80 	.globl _TI
                                     81 	.globl _RI
                                     82 	.globl _P1_7
                                     83 	.globl _P1_6
                                     84 	.globl _P1_5
                                     85 	.globl _P1_4
                                     86 	.globl _P1_3
                                     87 	.globl _P1_2
                                     88 	.globl _P1_1
                                     89 	.globl _P1_0
                                     90 	.globl _TF1
                                     91 	.globl _TR1
                                     92 	.globl _TF0
                                     93 	.globl _TR0
                                     94 	.globl _IE1
                                     95 	.globl _IT1
                                     96 	.globl _IE0
                                     97 	.globl _IT0
                                     98 	.globl _P0_7
                                     99 	.globl _P0_6
                                    100 	.globl _P0_5
                                    101 	.globl _P0_4
                                    102 	.globl _P0_3
                                    103 	.globl _P0_2
                                    104 	.globl _P0_1
                                    105 	.globl _P0_0
                                    106 	.globl _TH2
                                    107 	.globl _TL2
                                    108 	.globl _RCAP2H
                                    109 	.globl _RCAP2L
                                    110 	.globl _T2CON
                                    111 	.globl _B
                                    112 	.globl _ACC
                                    113 	.globl _PSW
                                    114 	.globl _IP
                                    115 	.globl _P3
                                    116 	.globl _IE
                                    117 	.globl _P2
                                    118 	.globl _SBUF
                                    119 	.globl _SCON
                                    120 	.globl _P1
                                    121 	.globl _TH1
                                    122 	.globl _TH0
                                    123 	.globl _TL1
                                    124 	.globl _TL0
                                    125 	.globl _TMOD
                                    126 	.globl _TCON
                                    127 	.globl _PCON
                                    128 	.globl _DPH
                                    129 	.globl _DPL
                                    130 	.globl _SP
                                    131 	.globl _P0
                                    132 	.globl _main
                                    133 ;--------------------------------------------------------
                                    134 ; special function registers
                                    135 ;--------------------------------------------------------
                                    136 	.area RSEG    (ABS,DATA)
      000000                        137 	.org 0x0000
                           000080   138 _P0	=	0x0080
                           000081   139 _SP	=	0x0081
                           000082   140 _DPL	=	0x0082
                           000083   141 _DPH	=	0x0083
                           000087   142 _PCON	=	0x0087
                           000088   143 _TCON	=	0x0088
                           000089   144 _TMOD	=	0x0089
                           00008A   145 _TL0	=	0x008a
                           00008B   146 _TL1	=	0x008b
                           00008C   147 _TH0	=	0x008c
                           00008D   148 _TH1	=	0x008d
                           000090   149 _P1	=	0x0090
                           000098   150 _SCON	=	0x0098
                           000099   151 _SBUF	=	0x0099
                           0000A0   152 _P2	=	0x00a0
                           0000A8   153 _IE	=	0x00a8
                           0000B0   154 _P3	=	0x00b0
                           0000B8   155 _IP	=	0x00b8
                           0000D0   156 _PSW	=	0x00d0
                           0000E0   157 _ACC	=	0x00e0
                           0000F0   158 _B	=	0x00f0
                           0000C8   159 _T2CON	=	0x00c8
                           0000CA   160 _RCAP2L	=	0x00ca
                           0000CB   161 _RCAP2H	=	0x00cb
                           0000CC   162 _TL2	=	0x00cc
                           0000CD   163 _TH2	=	0x00cd
                                    164 ;--------------------------------------------------------
                                    165 ; special function bits
                                    166 ;--------------------------------------------------------
                                    167 	.area RSEG    (ABS,DATA)
      000000                        168 	.org 0x0000
                           000080   169 _P0_0	=	0x0080
                           000081   170 _P0_1	=	0x0081
                           000082   171 _P0_2	=	0x0082
                           000083   172 _P0_3	=	0x0083
                           000084   173 _P0_4	=	0x0084
                           000085   174 _P0_5	=	0x0085
                           000086   175 _P0_6	=	0x0086
                           000087   176 _P0_7	=	0x0087
                           000088   177 _IT0	=	0x0088
                           000089   178 _IE0	=	0x0089
                           00008A   179 _IT1	=	0x008a
                           00008B   180 _IE1	=	0x008b
                           00008C   181 _TR0	=	0x008c
                           00008D   182 _TF0	=	0x008d
                           00008E   183 _TR1	=	0x008e
                           00008F   184 _TF1	=	0x008f
                           000090   185 _P1_0	=	0x0090
                           000091   186 _P1_1	=	0x0091
                           000092   187 _P1_2	=	0x0092
                           000093   188 _P1_3	=	0x0093
                           000094   189 _P1_4	=	0x0094
                           000095   190 _P1_5	=	0x0095
                           000096   191 _P1_6	=	0x0096
                           000097   192 _P1_7	=	0x0097
                           000098   193 _RI	=	0x0098
                           000099   194 _TI	=	0x0099
                           00009A   195 _RB8	=	0x009a
                           00009B   196 _TB8	=	0x009b
                           00009C   197 _REN	=	0x009c
                           00009D   198 _SM2	=	0x009d
                           00009E   199 _SM1	=	0x009e
                           00009F   200 _SM0	=	0x009f
                           0000A0   201 _P2_0	=	0x00a0
                           0000A1   202 _P2_1	=	0x00a1
                           0000A2   203 _P2_2	=	0x00a2
                           0000A3   204 _P2_3	=	0x00a3
                           0000A4   205 _P2_4	=	0x00a4
                           0000A5   206 _P2_5	=	0x00a5
                           0000A6   207 _P2_6	=	0x00a6
                           0000A7   208 _P2_7	=	0x00a7
                           0000A8   209 _EX0	=	0x00a8
                           0000A9   210 _ET0	=	0x00a9
                           0000AA   211 _EX1	=	0x00aa
                           0000AB   212 _ET1	=	0x00ab
                           0000AC   213 _ES	=	0x00ac
                           0000AF   214 _EA	=	0x00af
                           0000B0   215 _P3_0	=	0x00b0
                           0000B1   216 _P3_1	=	0x00b1
                           0000B2   217 _P3_2	=	0x00b2
                           0000B3   218 _P3_3	=	0x00b3
                           0000B4   219 _P3_4	=	0x00b4
                           0000B5   220 _P3_5	=	0x00b5
                           0000B6   221 _P3_6	=	0x00b6
                           0000B7   222 _P3_7	=	0x00b7
                           0000B0   223 _RXD	=	0x00b0
                           0000B1   224 _TXD	=	0x00b1
                           0000B2   225 _INT0	=	0x00b2
                           0000B3   226 _INT1	=	0x00b3
                           0000B4   227 _T0	=	0x00b4
                           0000B5   228 _T1	=	0x00b5
                           0000B6   229 _WR	=	0x00b6
                           0000B7   230 _RD	=	0x00b7
                           0000B8   231 _PX0	=	0x00b8
                           0000B9   232 _PT0	=	0x00b9
                           0000BA   233 _PX1	=	0x00ba
                           0000BB   234 _PT1	=	0x00bb
                           0000BC   235 _PS	=	0x00bc
                           0000D0   236 _P	=	0x00d0
                           0000D1   237 _F1	=	0x00d1
                           0000D2   238 _OV	=	0x00d2
                           0000D3   239 _RS0	=	0x00d3
                           0000D4   240 _RS1	=	0x00d4
                           0000D5   241 _F0	=	0x00d5
                           0000D6   242 _AC	=	0x00d6
                           0000D7   243 _CY	=	0x00d7
                           0000AD   244 _ET2	=	0x00ad
                           0000BD   245 _PT2	=	0x00bd
                           0000C8   246 _T2CON_0	=	0x00c8
                           0000C9   247 _T2CON_1	=	0x00c9
                           0000CA   248 _T2CON_2	=	0x00ca
                           0000CB   249 _T2CON_3	=	0x00cb
                           0000CC   250 _T2CON_4	=	0x00cc
                           0000CD   251 _T2CON_5	=	0x00cd
                           0000CE   252 _T2CON_6	=	0x00ce
                           0000CF   253 _T2CON_7	=	0x00cf
                           0000C8   254 _CP_RL2	=	0x00c8
                           0000C9   255 _C_T2	=	0x00c9
                           0000CA   256 _TR2	=	0x00ca
                           0000CB   257 _EXEN2	=	0x00cb
                           0000CC   258 _TCLK	=	0x00cc
                           0000CD   259 _RCLK	=	0x00cd
                           0000CE   260 _EXF2	=	0x00ce
                           0000CF   261 _TF2	=	0x00cf
                           0000A7   262 _P27	=	0x00a7
                           0000A3   263 _P23	=	0x00a3
                                    264 ;--------------------------------------------------------
                                    265 ; overlayable register banks
                                    266 ;--------------------------------------------------------
                                    267 	.area REG_BANK_0	(REL,OVR,DATA)
      000000                        268 	.ds 8
                                    269 ;--------------------------------------------------------
                                    270 ; internal ram data
                                    271 ;--------------------------------------------------------
                                    272 	.area DSEG    (DATA)
                                    273 ;--------------------------------------------------------
                                    274 ; overlayable items in internal ram
                                    275 ;--------------------------------------------------------
                                    276 	.area	OSEG    (OVR,DATA)
                                    277 ;--------------------------------------------------------
                                    278 ; Stack segment in internal ram
                                    279 ;--------------------------------------------------------
                                    280 	.area SSEG
      000000                        281 __start__stack:
      000000                        282 	.ds	1
                                    283 
                                    284 ;--------------------------------------------------------
                                    285 ; indirectly addressable internal ram data
                                    286 ;--------------------------------------------------------
                                    287 	.area ISEG    (DATA)
                                    288 ;--------------------------------------------------------
                                    289 ; absolute internal ram data
                                    290 ;--------------------------------------------------------
                                    291 	.area IABS    (ABS,DATA)
                                    292 	.area IABS    (ABS,DATA)
                                    293 ;--------------------------------------------------------
                                    294 ; bit data
                                    295 ;--------------------------------------------------------
                                    296 	.area BSEG    (BIT)
                                    297 ;--------------------------------------------------------
                                    298 ; paged external ram data
                                    299 ;--------------------------------------------------------
                                    300 	.area PSEG    (PAG,XDATA)
                                    301 ;--------------------------------------------------------
                                    302 ; uninitialized external ram data
                                    303 ;--------------------------------------------------------
                                    304 	.area XSEG    (XDATA)
                                    305 ;--------------------------------------------------------
                                    306 ; absolute external ram data
                                    307 ;--------------------------------------------------------
                                    308 	.area XABS    (ABS,XDATA)
                                    309 ;--------------------------------------------------------
                                    310 ; initialized external ram data
                                    311 ;--------------------------------------------------------
                                    312 	.area XISEG   (XDATA)
                                    313 	.area HOME    (CODE)
                                    314 	.area GSINIT0 (CODE)
                                    315 	.area GSINIT1 (CODE)
                                    316 	.area GSINIT2 (CODE)
                                    317 	.area GSINIT3 (CODE)
                                    318 	.area GSINIT4 (CODE)
                                    319 	.area GSINIT5 (CODE)
                                    320 	.area GSINIT  (CODE)
                                    321 	.area GSFINAL (CODE)
                                    322 	.area CSEG    (CODE)
                                    323 ;--------------------------------------------------------
                                    324 ; interrupt vector
                                    325 ;--------------------------------------------------------
                                    326 	.area HOME    (CODE)
      000000                        327 __interrupt_vect:
      000000 02r00r00         [24]  328 	ljmp	__sdcc_gsinit_startup
                                    329 ; restartable atomic support routines
      000003                        330 	.ds	5
      000008                        331 sdcc_atomic_exchange_rollback_start::
      000008 00               [12]  332 	nop
      000009 00               [12]  333 	nop
      00000A                        334 sdcc_atomic_exchange_pdata_impl:
      00000A E2               [24]  335 	movx	a, @r0
      00000B FB               [12]  336 	mov	r3, a
      00000C EA               [12]  337 	mov	a, r2
      00000D F2               [24]  338 	movx	@r0, a
      00000E 80 2C            [24]  339 	sjmp	sdcc_atomic_exchange_exit
      000010 00               [12]  340 	nop
      000011 00               [12]  341 	nop
      000012                        342 sdcc_atomic_exchange_xdata_impl:
      000012 E0               [24]  343 	movx	a, @dptr
      000013 FB               [12]  344 	mov	r3, a
      000014 EA               [12]  345 	mov	a, r2
      000015 F0               [24]  346 	movx	@dptr, a
      000016 80 24            [24]  347 	sjmp	sdcc_atomic_exchange_exit
      000018                        348 sdcc_atomic_compare_exchange_idata_impl:
      000018 E6               [12]  349 	mov	a, @r0
      000019 B5 02 02         [24]  350 	cjne	a, ar2, .+#5
      00001C EB               [12]  351 	mov	a, r3
      00001D F6               [12]  352 	mov	@r0, a
      00001E 22               [24]  353 	ret
      00001F 00               [12]  354 	nop
      000020                        355 sdcc_atomic_compare_exchange_pdata_impl:
      000020 E2               [24]  356 	movx	a, @r0
      000021 B5 02 02         [24]  357 	cjne	a, ar2, .+#5
      000024 EB               [12]  358 	mov	a, r3
      000025 F2               [24]  359 	movx	@r0, a
      000026 22               [24]  360 	ret
      000027 00               [12]  361 	nop
      000028                        362 sdcc_atomic_compare_exchange_xdata_impl:
      000028 E0               [24]  363 	movx	a, @dptr
      000029 B5 02 02         [24]  364 	cjne	a, ar2, .+#5
      00002C EB               [12]  365 	mov	a, r3
      00002D F0               [24]  366 	movx	@dptr, a
      00002E 22               [24]  367 	ret
      00002F                        368 sdcc_atomic_exchange_rollback_end::
                                    369 
      00002F                        370 sdcc_atomic_exchange_gptr_impl::
      00002F 30 F6 E0         [24]  371 	jnb	b.6, sdcc_atomic_exchange_xdata_impl
      000032 A8 82            [24]  372 	mov	r0, dpl
      000034 20 F5 D3         [24]  373 	jb	b.5, sdcc_atomic_exchange_pdata_impl
      000037                        374 sdcc_atomic_exchange_idata_impl:
      000037 EA               [12]  375 	mov	a, r2
      000038 C6               [12]  376 	xch	a, @r0
      000039 F5 82            [12]  377 	mov	dpl, a
      00003B 22               [24]  378 	ret
      00003C                        379 sdcc_atomic_exchange_exit:
      00003C 8B 82            [24]  380 	mov	dpl, r3
      00003E 22               [24]  381 	ret
      00003F                        382 sdcc_atomic_compare_exchange_gptr_impl::
      00003F 30 F6 E6         [24]  383 	jnb	b.6, sdcc_atomic_compare_exchange_xdata_impl
      000042 A8 82            [24]  384 	mov	r0, dpl
      000044 20 F5 D9         [24]  385 	jb	b.5, sdcc_atomic_compare_exchange_pdata_impl
      000047 80 CF            [24]  386 	sjmp	sdcc_atomic_compare_exchange_idata_impl
                                    387 ;--------------------------------------------------------
                                    388 ; global & static initialisations
                                    389 ;--------------------------------------------------------
                                    390 	.area HOME    (CODE)
                                    391 	.area GSINIT  (CODE)
                                    392 	.area GSFINAL (CODE)
                                    393 	.area GSINIT  (CODE)
                                    394 	.globl __sdcc_gsinit_startup
                                    395 	.globl __sdcc_program_startup
                                    396 	.globl __start__stack
                                    397 	.globl __mcs51_genXINIT
                                    398 	.globl __mcs51_genXRAMCLEAR
                                    399 	.globl __mcs51_genRAMCLEAR
                                    400 	.area GSFINAL (CODE)
      000000 02r00r49         [24]  401 	ljmp	__sdcc_program_startup
                                    402 ;--------------------------------------------------------
                                    403 ; Home
                                    404 ;--------------------------------------------------------
                                    405 	.area HOME    (CODE)
                                    406 	.area HOME    (CODE)
      000049                        407 __sdcc_program_startup:
      000049 02r00r00         [24]  408 	ljmp	_main
                                    409 ;	return from main will return to caller
                                    410 ;--------------------------------------------------------
                                    411 ; code
                                    412 ;--------------------------------------------------------
                                    413 	.area CSEG    (CODE)
                                    414 ;------------------------------------------------------------
                                    415 ;Allocation info for local variables in function 'main'
                                    416 ;------------------------------------------------------------
                                    417 ;t             Allocated to registers r6 r7 
                                    418 ;------------------------------------------------------------
                                    419 ;	main.c:11: void main(void){
                                    420 ;	-----------------------------------------
                                    421 ;	 function main
                                    422 ;	-----------------------------------------
      000000                        423 _main:
                           000007   424 	ar7 = 0x07
                           000006   425 	ar6 = 0x06
                           000005   426 	ar5 = 0x05
                           000004   427 	ar4 = 0x04
                           000003   428 	ar3 = 0x03
                           000002   429 	ar2 = 0x02
                           000001   430 	ar1 = 0x01
                           000000   431 	ar0 = 0x00
                                    432 ;	main.c:13: for(t = 0; t < 1000; t = t + 1);
      000000 7E 00            [12]  433 	mov	r6,#0x00
      000002 7F 00            [12]  434 	mov	r7,#0x00
      000004                        435 00104$:
      000004 0E               [12]  436 	inc	r6
      000005 BE 00 01         [24]  437 	cjne	r6,#0x00,00135$
      000008 0F               [12]  438 	inc	r7
      000009                        439 00135$:
      000009 C3               [12]  440 	clr	c
      00000A EE               [12]  441 	mov	a,r6
      00000B 94 E8            [12]  442 	subb	a,#0xe8
      00000D EF               [12]  443 	mov	a,r7
      00000E 64 80            [12]  444 	xrl	a,#0x80
      000010 94 83            [12]  445 	subb	a,#0x83
      000012 40 F0            [24]  446 	jc	00104$
                                    447 ;	main.c:14: P2 = 0xFF;
      000014 75 A0 FF         [24]  448 	mov	_P2,#0xff
                                    449 ;	main.c:15: for(t = 0; t < 1000; t = t + 1);
      000017 7E 00            [12]  450 	mov	r6,#0x00
      000019 7F 00            [12]  451 	mov	r7,#0x00
      00001B                        452 00106$:
      00001B 0E               [12]  453 	inc	r6
      00001C BE 00 01         [24]  454 	cjne	r6,#0x00,00137$
      00001F 0F               [12]  455 	inc	r7
      000020                        456 00137$:
      000020 C3               [12]  457 	clr	c
      000021 EE               [12]  458 	mov	a,r6
      000022 94 E8            [12]  459 	subb	a,#0xe8
      000024 EF               [12]  460 	mov	a,r7
      000025 64 80            [12]  461 	xrl	a,#0x80
      000027 94 83            [12]  462 	subb	a,#0x83
      000029 40 F0            [24]  463 	jc	00106$
                                    464 ;	main.c:16: P2 = 0x00;
      00002B 75 A0 00         [24]  465 	mov	_P2,#0x00
                                    466 ;	main.c:17: }
      00002E 22               [24]  467 	ret
                                    468 	.area CSEG    (CODE)
                                    469 	.area CONST   (CODE)
                                    470 	.area XINIT   (CODE)
                                    471 	.area CABS    (ABS,CODE)
