C51 COMPILER V9.60.7.0   MAIN                                                              11/20/2024 01:51:20 PAGE 1   


C51 COMPILER V9.60.7.0, COMPILATION OF MODULE MAIN
OBJECT MODULE PLACED IN .\Objects\main.obj
COMPILER INVOKED BY: C:\Keil_v5\C51\BIN\C51.EXE main.c OPTIMIZE(8,SPEED) BROWSE DEBUG OBJECTEXTEND PRINT(.\Listings\main
                    -.lst) TABS(2) OBJECT(.\Objects\main.obj)

line level    source

   1          #include <REGX52.h>
   2          
   3          void delay_ms(int t){
   4   1          int i;
   5   1          for( i = 0; i < t*12; i++);
   6   1      }
   7          
   8          void main(){
   9   1          int LEDs = 0;
  10   1          P2 = LEDs;
  11   1          delay_ms(500);
  12   1          do{
  13   2              LEDs = (LEDs<<1) + 1;
  14   2              P2 = LEDs;
  15   2              delay_ms(500);
  16   2          }while(LEDs < 0xFF);
  17   1          do{
  18   2              LEDs = (LEDs<<1);
  19   2              P2 = LEDs;
  20   2              delay_ms(500);
  21   2          }while(LEDs > 0);
  22   1      }


MODULE INFORMATION:   STATIC OVERLAYABLE
   CODE SIZE        =    112    ----
   CONSTANT SIZE    =   ----    ----
   XDATA SIZE       =   ----    ----
   PDATA SIZE       =   ----    ----
   DATA SIZE        =   ----       2
   IDATA SIZE       =   ----    ----
   BIT SIZE         =   ----    ----
END OF MODULE INFORMATION.


C51 COMPILATION COMPLETE.  0 WARNING(S),  0 ERROR(S)
