C51 COMPILER V9.60.7.0   MAIN                                                              11/23/2024 22:12:31 PAGE 1   


C51 COMPILER V9.60.7.0, COMPILATION OF MODULE MAIN
OBJECT MODULE PLACED IN .\Objects\main.obj
COMPILER INVOKED BY: C:\Keil_v5\C51\BIN\C51.EXE main.c OPTIMIZE(8,SPEED) BROWSE DEBUG OBJECTEXTEND PRINT(.\Listings\main
                    -.lst) TABS(2) OBJECT(.\Objects\main.obj)

line level    source

   1          #include "main.h"
   2          
   3          
   4          void main(){
   5   1        INITIAL();
   6   1        DIRECT_SET(YELLOW);
   7   1        SET_LED(10);
   8   1        delay(1000);
   9   1        while(1){
  10   2            if(Manual_Auto == AUTO){
  11   3              SET(RED);
  12   3              COUNT_0 = 7;
  13   3              COUNT_1 = 5;
  14   3              DISPLAY(5);
  15   3              
  16   3              SET(GREEN);
  17   3              COUNT_0 = 5;
  18   3              COUNT_1 = 7;
  19   3              DISPLAY(5);
  20   3            }else{
  21   3              if(RED_GREEN_SET == RED)
  22   3                SET(RED);
  23   3              else
  24   3                SET(GREEN);
  25   3              delay(100);
  26   3            }
  27   2        }
  28   1      }


MODULE INFORMATION:   STATIC OVERLAYABLE
   CODE SIZE        =    648    ----
   CONSTANT SIZE    =   ----    ----
   XDATA SIZE       =   ----    ----
   PDATA SIZE       =   ----    ----
   DATA SIZE        =     30       8
   IDATA SIZE       =   ----    ----
   BIT SIZE         =   ----    ----
END OF MODULE INFORMATION.


C51 COMPILATION COMPLETE.  0 WARNING(S),  0 ERROR(S)
