C51 COMPILER V9.60.7.0   MAIN                                                              10/17/2024 12:33:52 PAGE 1   


C51 COMPILER V9.60.7.0, COMPILATION OF MODULE MAIN
OBJECT MODULE PLACED IN .\Objects\main.obj
COMPILER INVOKED BY: C:\Keil_v5\C51\BIN\C51.EXE main.c OPTIMIZE(8,SPEED) BROWSE DEBUG OBJECTEXTEND PRINT(.\Listings\main
                    -.lst) TABS(2) OBJECT(.\Objects\main.obj)

line level    source

   1          #include "main.h"
*** WARNING C280 IN LINE 282 OF main.h: 'tmp': unreferenced local variable
   2          #include "IR_Reading.h"
   3          
   4          int main(){
   5   1          main_intial();
   6   1          while(true){
   7   2              read_system_time();
   8   2              if(time_equal_cmp(system_time, time_on, 0x6))
   9   2                  dev2_syst_ctl = HIGH;  
  10   2              if(time_equal_cmp(system_time, time_off, 0x6))
  11   2                  dev2_syst_ctl = LOW; 
  12   2              if(have_daylight()){
  13   3                  dev1_syst_ctl = LOW;   
  14   3              }else{
  15   3                  dev1_syst_ctl = HIGH;   
  16   3              }
  17   2              update_dev_state();
  18   2              code_proc(read_extracted_frame());
  19   2              Disp8leds7seg(10);
  20   2          }
  21   1          return 0;
  22   1      }
*** WARNING C294 IN LINE 109 OF main.c: unreachable code
*** WARNING C294 IN LINE 21 OF main.c: unreachable code


MODULE INFORMATION:   STATIC OVERLAYABLE
   CODE SIZE        =   3176    ----
   CONSTANT SIZE    =   ----    ----
   XDATA SIZE       =   ----    ----
   PDATA SIZE       =   ----    ----
   DATA SIZE        =     66      59
   IDATA SIZE       =   ----    ----
   BIT SIZE         =   ----    ----
END OF MODULE INFORMATION.


C51 COMPILATION COMPLETE.  3 WARNING(S),  0 ERROR(S)
